Traceback (most recent call last):
  File "/home/runner/work/scikit-qulacs/scikit-qulacs/.venv/lib/python3.9/site-packages/jupyter_cache/executors/utils.py", line 51, in single_nb_execution
    executenb(
  File "/home/runner/work/scikit-qulacs/scikit-qulacs/.venv/lib/python3.9/site-packages/nbclient/client.py", line 1093, in execute
    return NotebookClient(nb=nb, resources=resources, km=km, **kwargs).execute()
  File "/home/runner/work/scikit-qulacs/scikit-qulacs/.venv/lib/python3.9/site-packages/nbclient/util.py", line 84, in wrapped
    return just_run(coro(*args, **kwargs))
  File "/home/runner/work/scikit-qulacs/scikit-qulacs/.venv/lib/python3.9/site-packages/nbclient/util.py", line 62, in just_run
    return loop.run_until_complete(coro)
  File "/opt/hostedtoolcache/Python/3.9.9/x64/lib/python3.9/asyncio/base_events.py", line 642, in run_until_complete
    return future.result()
  File "/home/runner/work/scikit-qulacs/scikit-qulacs/.venv/lib/python3.9/site-packages/nbclient/client.py", line 559, in async_execute
    await self.async_execute_cell(
  File "/home/runner/work/scikit-qulacs/scikit-qulacs/.venv/lib/python3.9/site-packages/nbclient/client.py", line 854, in async_execute_cell
    self._check_raise_for_error(cell, exec_reply)
  File "/home/runner/work/scikit-qulacs/scikit-qulacs/.venv/lib/python3.9/site-packages/nbclient/client.py", line 756, in _check_raise_for_error
    raise CellExecutionError.from_cell_and_msg(cell, exec_reply_content)
nbclient.exceptions.CellExecutionError: An error occurred while executing the following cell:
------------------
from skqulacs.circuit.pre_defined import create_qcl_ansatz
from skqulacs.qnn import QNNClassifier

nqubit = 5                      # qubitã®æ•°ã€‚å¿…è¦ã¨ã™ã‚‹å…¥åŠ›ã€å‡ºåŠ›ã®æ¬¡å…ƒæ•°ä»¥ä¸ŠãŒå¿…è¦ã§ã‚ã‚‹ã€‚
c_depth = 3                     # circuitã®æ·±ã•ã€‚ãƒ‹ãƒ¥ãƒ¼ãƒ©ãƒ«ãƒãƒƒãƒˆãƒ¯ãƒ¼ã‚¯ã§ã®éš ã‚Œå±¤ã«å¯¾å¿œã™ã‚‹ã€‚
time_step = 1.                  # qcl_ansatz ã«å¿…è¦ã¨ãªã‚‹ãƒ‘ãƒ©ãƒ¡ãƒ¼ã‚¿ã€‚æ¨ªç£å ´ã‚¤ã‚¸ãƒ³ã‚°ãƒ¢ãƒ‡ãƒ«ã«ã‚ˆã£ã¦ç™ºå±•ã•ã›ã‚‹æ™‚é–“ã‚’æ±ºã‚ã‚‹ã€‚
num_class = 3                   # åˆ†é¡æ•°ï¼ˆã“ã“ã§ã¯3ã¤ã®å“ç¨®ã«åˆ†é¡ï¼‰
solver="BFGS"                   # ã‚¢ãƒ«ã‚´ãƒªã‚ºãƒ ã€‚ã»ã‹ã«ã¯ã€"Adam" ãŒä½¿ãˆã‚‹ã€‚
maxiter = 20                    # ãƒ«ãƒ¼ãƒ—ã®æœ€å¤§ã€‚ã“ã‚ŒãŒå¤šã„ã»ã©ã€æ­£ç¢ºã«ãªã‚‹ãŒã€æ™‚é–“ãŒã‹ã‹ã‚‹ã€‚
circuit = create_qcl_ansatz(nqubit, c_depth, time_step)     # LearningCircuitã‚’ä½œã‚‹
qcl = QNNClassifier(circuit, num_class, solver)     # ãƒ¢ãƒ‡ãƒ«æ§‹ç¯‰ã‚’è¡Œã†
opt_loss, opt_params = qcl.fit(x_train, y_train, maxiter)                          # å­¦ç¿’
print("trained parameters", opt_params)
print("loss", opt_loss)
------------------

[0;31m---------------------------------------------------------------------------[0m
[0;31mModuleNotFoundError[0m                       Traceback (most recent call last)
[0;32m/tmp/ipykernel_1762/2652384445.py[0m in [0;36m<module>[0;34m[0m
[0;32m----> 1[0;31m [0;32mfrom[0m [0mskqulacs[0m[0;34m.[0m[0mcircuit[0m[0;34m.[0m[0mpre_defined[0m [0;32mimport[0m [0mcreate_qcl_ansatz[0m[0;34m[0m[0;34m[0m[0m
[0m[1;32m      2[0m [0;32mfrom[0m [0mskqulacs[0m[0;34m.[0m[0mqnn[0m [0;32mimport[0m [0mQNNClassifier[0m[0;34m[0m[0;34m[0m[0m
[1;32m      3[0m [0;34m[0m[0m
[1;32m      4[0m [0mnqubit[0m [0;34m=[0m [0;36m5[0m                      [0;31m# qubitã®æ•°ã€‚å¿…è¦ã¨ã™ã‚‹å…¥åŠ›ã€å‡ºåŠ›ã®æ¬¡å…ƒæ•°ä»¥ä¸ŠãŒå¿…è¦ã§ã‚ã‚‹ã€‚[0m[0;34m[0m[0;34m[0m[0m
[1;32m      5[0m [0mc_depth[0m [0;34m=[0m [0;36m3[0m                     [0;31m# circuitã®æ·±ã•ã€‚ãƒ‹ãƒ¥ãƒ¼ãƒ©ãƒ«ãƒãƒƒãƒˆãƒ¯ãƒ¼ã‚¯ã§ã®éš ã‚Œå±¤ã«å¯¾å¿œã™ã‚‹ã€‚[0m[0;34m[0m[0;34m[0m[0m

[0;31mModuleNotFoundError[0m: No module named 'skqulacs'
ModuleNotFoundError: No module named 'skqulacs'

