Traceback (most recent call last):
  File "/home/runner/work/scikit-qulacs/scikit-qulacs/.venv/lib/python3.9/site-packages/jupyter_cache/executors/utils.py", line 51, in single_nb_execution
    executenb(
  File "/home/runner/work/scikit-qulacs/scikit-qulacs/.venv/lib/python3.9/site-packages/nbclient/client.py", line 1093, in execute
    return NotebookClient(nb=nb, resources=resources, km=km, **kwargs).execute()
  File "/home/runner/work/scikit-qulacs/scikit-qulacs/.venv/lib/python3.9/site-packages/nbclient/util.py", line 84, in wrapped
    return just_run(coro(*args, **kwargs))
  File "/home/runner/work/scikit-qulacs/scikit-qulacs/.venv/lib/python3.9/site-packages/nbclient/util.py", line 62, in just_run
    return loop.run_until_complete(coro)
  File "/opt/hostedtoolcache/Python/3.9.9/x64/lib/python3.9/asyncio/base_events.py", line 642, in run_until_complete
    return future.result()
  File "/home/runner/work/scikit-qulacs/scikit-qulacs/.venv/lib/python3.9/site-packages/nbclient/client.py", line 559, in async_execute
    await self.async_execute_cell(
  File "/home/runner/work/scikit-qulacs/scikit-qulacs/.venv/lib/python3.9/site-packages/nbclient/client.py", line 854, in async_execute_cell
    self._check_raise_for_error(cell, exec_reply)
  File "/home/runner/work/scikit-qulacs/scikit-qulacs/.venv/lib/python3.9/site-packages/nbclient/client.py", line 756, in _check_raise_for_error
    raise CellExecutionError.from_cell_and_msg(cell, exec_reply_content)
nbclient.exceptions.CellExecutionError: An error occurred while executing the following cell:
------------------
from skqulacs.qsvm import QSVC
from skqulacs.circuit import LearningCircuit
from skqulacs.circuit import create_largeqsv


n_qubit=8
circuit = create_largeqsv(n_qubit,8,0.035)

# flatten the images
n_samples = len(digits.images)
data = digits.images.reshape((n_samples, -1))

# Create a classifier: a support vector classifier
clf = QSVC(circuit)

# Split data into 72% train and 38% test subsets
#len=1797  1797*72%=1293 大体同じ
X_train, X_test, y_train, y_test = train_test_split(
    data, digits.target, test_size=0.72, shuffle=False
)

# Learn the digits on the train subset
clf.fit(X_train, y_train)

# Predict the value of the digit on the test subset
predicted = clf.predict(X_test)
------------------

[0;31m---------------------------------------------------------------------------[0m
[0;31mModuleNotFoundError[0m                       Traceback (most recent call last)
[0;32m/tmp/ipykernel_5815/1829377924.py[0m in [0;36m<module>[0;34m[0m
[0;32m----> 1[0;31m [0;32mfrom[0m [0mskqulacs[0m[0;34m.[0m[0mqsvm[0m [0;32mimport[0m [0mQSVC[0m[0;34m[0m[0;34m[0m[0m
[0m[1;32m      2[0m [0;32mfrom[0m [0mskqulacs[0m[0;34m.[0m[0mcircuit[0m [0;32mimport[0m [0mLearningCircuit[0m[0;34m[0m[0;34m[0m[0m
[1;32m      3[0m [0;32mfrom[0m [0mskqulacs[0m[0;34m.[0m[0mcircuit[0m [0;32mimport[0m [0mcreate_largeqsv[0m[0;34m[0m[0;34m[0m[0m
[1;32m      4[0m [0;34m[0m[0m
[1;32m      5[0m [0;34m[0m[0m

[0;31mModuleNotFoundError[0m: No module named 'skqulacs'
ModuleNotFoundError: No module named 'skqulacs'

